[2025-07-04 15:12:44.836] [info]  Stretchly: initializing...
[2025-07-04 15:12:44.852] [info]  Stretchly: migrating preferences from Stretchly v0.0.0 to v1.13.0
[2025-07-04 15:12:44.852] [info]  Stretchly: not migrating pauseBreaksShortcut
[2025-07-04 15:12:44.855] [info]  Stretchly: migrating preferences from Stretchly v1.13.0 to v1.17.0
[2025-07-04 15:12:44.855] [info]  Stretchly: not migrating showBreakActionsInStrictMode
[2025-07-04 15:12:44.859] [info]  Stretchly: loading preferences
[2025-07-04 15:12:44.866] [info]  Stretchly: starting Idle time monitoring
[2025-07-04 15:12:44.895] [info]  Stretchly: starting Do Not Disturb monitoring
[2025-07-04 15:12:44.895] [info]  System: Your Desktop seems to be Hyprland.
[2025-07-04 15:12:44.948] [info]  Stretchly: loading default break ideas
[2025-07-04 15:12:45.001] [info]  Stretchly: loading default break ideas
[2025-07-04 15:12:45.895] [info]  Stretchly: Hyprland not supported for DND detection, yet.
[2025-07-04 15:12:46.869] [info]  Stretchly: checking for new version (local: v1.17.2, remote: 1.17.2)
[2025-07-04 15:12:50.486] [info]  Stretchly: arguments received from second instance: 
[2025-07-04 15:12:50.486] [info]  Stretchly: command 'help' executed in second instance, dropped in main instance
[2025-07-04 15:12:59.570] [info]  Stretchly: initializing...
[2025-07-04 15:12:59.580] [info]  Stretchly: loading preferences
[2025-07-04 15:12:59.586] [info]  Stretchly: starting Idle time monitoring
[2025-07-04 15:12:59.616] [info]  Stretchly: starting Do Not Disturb monitoring
[2025-07-04 15:12:59.616] [info]  System: Your Desktop seems to be Hyprland.
[2025-07-04 15:12:59.665] [info]  Stretchly: loading default break ideas
[2025-07-04 15:12:59.713] [info]  Stretchly: loading default break ideas
[2025-07-04 15:13:00.616] [info]  Stretchly: Hyprland not supported for DND detection, yet.
[2025-07-04 15:13:00.880] [info]  Stretchly: checking for new version (local: v1.17.2, remote: 1.17.2)
[2025-07-04 15:13:10.542] [info]  Stretchly: setting 'isFirstRun' to 'false' (was 'true')
[2025-07-04 15:13:34.620] [info]  Stretchly: setting 'microbreakInterval' to '1200000' (was '600000')
[2025-07-04 15:13:48.971] [info]  Stretchly: setting 'break' to 'false' (was 'true')
[2025-07-04 15:13:54.129] [info]  Stretchly: setting 'break' to 'true' (was 'false')
[2025-07-04 15:14:23.205] [info]  Stretchly: arguments received from second instance: 
[2025-07-04 15:14:23.206] [info]  Stretchly: command 'help' executed in second instance, dropped in main instance
[2025-07-04 15:14:28.694] [info]  Stretchly: arguments received from second instance: 
[2025-07-04 15:14:28.694] [info]  Stretchly: command 'help' executed in second instance, dropped in main instance
[2025-07-04 15:14:54.248] [info]  Stretchly: initializing...
[2025-07-04 15:14:54.261] [info]  Stretchly: loading preferences
[2025-07-04 15:14:54.268] [info]  Stretchly: starting Idle time monitoring
[2025-07-04 15:14:54.297] [info]  Stretchly: starting Do Not Disturb monitoring
[2025-07-04 15:14:54.297] [info]  System: Your Desktop seems to be Hyprland.
[2025-07-04 15:14:54.328] [info]  Stretchly: loading default break ideas
[2025-07-04 15:14:54.362] [info]  Stretchly: loading default break ideas
[2025-07-04 15:14:55.298] [info]  Stretchly: Hyprland not supported for DND detection, yet.
[2025-07-04 15:14:56.248] [info]  Stretchly: checking for new version (local: v1.17.2, remote: 1.17.2)
[2025-07-04 15:15:00.034] [info]  Stretchly: arguments received from second instance: 
[2025-07-04 15:15:00.034] [info]  Stretchly: command 'help' executed in second instance, dropped in main instance
[2025-07-04 15:15:17.214] [info]  Stretchly: arguments received from second instance: 
[2025-07-04 15:15:17.214] [info]  Stretchly: command 'help' executed in second instance, dropped in main instance
[2025-07-04 15:15:52.555] [info]  Stretchly: initializing...
[2025-07-04 15:15:52.571] [info]  Stretchly: loading preferences
[2025-07-04 15:15:52.577] [info]  Stretchly: starting Idle time monitoring
[2025-07-04 15:15:52.611] [info]  Stretchly: starting Do Not Disturb monitoring
[2025-07-04 15:15:52.612] [info]  System: Your Desktop seems to be Hyprland.
[2025-07-04 15:15:52.642] [info]  Stretchly: loading default break ideas
[2025-07-04 15:15:52.678] [info]  Stretchly: loading default break ideas
[2025-07-04 15:15:53.613] [info]  Stretchly: Hyprland not supported for DND detection, yet.
[2025-07-04 15:15:53.836] [info]  Stretchly: checking for new version (local: v1.17.2, remote: 1.17.2)
